<?xml version="1.0" encoding="UTF-8"?>
<testsuite name="TestCaseTest" tests="1" skipped="0" failures="0" errors="0" timestamp="2023-07-22T15:25:18" hostname="DESKTOP-0VO57GV" time="0.02">
  <properties/>
  <testcase name="testRunning()" classname="TestCaseTest" time="0.02"/>
  <system-out><![CDATA[]]></system-out>
  <system-err><![CDATA[]]></system-err>
</testsuite>
